Admin action logged: admin - LOGIN - Admin dashboard accessed
Admin action logged: admin - LOGIN - Admin dashboard accessed
Admin action logged: admin - LOGIN - Admin dashboard accessed
Admin action logged: admin - LOGIN - Admin dashboard accessed
Admin action logged: admin - LOGIN - Admin dashboard accessed
Admin action logged: admin - LOGIN - Admin dashboard accessed
Admin action logged: admin - CREATE - Student Jonayed was created
Admin action logged: admin - UPDATE - Student Jonayed was updated
Admin action logged: admin - CREATE - Payment JTC2025-B8B82012 created for Jonayed
Admin action logged: admin - LOGIN - Admin dashboard accessed
Admin action logged: admin - UPDATE - Student Jonayed was updated
Admin action logged: admin - PAYMENT_VERIFY - Payment JTC2025-B8B82012 verified for Jonayed
Admin action logged: admin - RECEIPT_GENERATE - Receipt JTC2025-0001 generated for Jonayed
Admin action logged: admin - PAYMENT_VERIFY - Payment verified for Jonayed
Admin action logged: admin - LOGIN - Admin dashboard accessed
Admin action logged: admin - EMAIL_SENT - Registration email sent to racy@sjis.edu.bd
Admin action logged: admin - LOGIN - Admin dashboard accessed
Admin action logged: admin - LOGIN - Admin dashboard accessed
Admin action logged: admin - LOGIN - Admin dashboard accessed
Admin action logged: admin - LOGIN - Admin dashboard accessed
Admin action logged: admin - LOGIN - Admin dashboard accessed
Admin action logged: admin - EMAIL_SENT - Registration email sent to racy@sjis.edu.bd
Admin action logged: admin - EMAIL_SENT - Registration email sent to racy@sjis.edu.bd
Admin action logged: admin - LOGIN - Admin dashboard accessed
Admin action logged: admin - LOGIN - Admin dashboard accessed
Admin action logged: admin - LOGIN - Admin dashboard accessed
Admin action logged: admin - LOGIN - Admin dashboard accessed
Admin action logged: admin - LOGIN - Admin dashboard accessed
Admin action logged: admin - LOGIN - Admin dashboard accessed
Admin action logged: admin - LOGIN - Admin dashboard accessed
Admin action logged: admin - LOGIN - Admin dashboard accessed
Admin action logged: admin - LOGIN - Admin dashboard accessed
Admin action logged: admin - EMAIL_SENT - Registration email sent to racy@sjis.edu.bd
Admin action logged: admin - LOGIN - Admin dashboard accessed
Admin action logged: admin - LOGIN - Admin dashboard accessed
Admin action logged: admin - LOGIN - Admin dashboard accessed
Admin action logged: admin - LOGIN - Admin dashboard accessed
Admin action logged: admin - LOGIN - Admin dashboard accessed
Admin action logged: admin - LOGIN - Admin dashboard accessed
Admin action logged: admin - LOGIN - Admin dashboard accessed
Admin action logged: admin - LOGIN - Admin dashboard accessed
Admin action logged: admin - LOGIN - Admin dashboard accessed
Admin action logged: admin - LOGIN - Admin dashboard accessed
Admin action logged: admin - LOGIN - Admin dashboard accessed
Admin action logged: admin - LOGIN - Admin dashboard accessed
Admin action logged: admin - LOGIN - Admin dashboard accessed
Admin action logged: admin - LOGIN - Admin dashboard accessed
Admin action logged: admin - LOGIN - Admin dashboard accessed
Admin action logged: admin - LOGIN - Admin dashboard accessed
Admin action logged: admin - LOGIN - Admin dashboard accessed
Admin action logged: admin - LOGIN - Admin dashboard accessed
Admin action logged: admin - LOGIN - Admin dashboard accessed
Admin action logged: admin - LOGIN - Admin dashboard accessed
Admin action logged: admin - LOGIN - Admin dashboard accessed
Admin action logged: admin - LOGIN - Admin dashboard accessed
Admin action logged: admin - LOGIN - Admin dashboard accessed
